<?xml version="1.0" encoding="UTF-8"?>
<!-- Generated by org.testng.reporters.JUnitXMLReporter -->
<testsuite hostname="LAPTOP-ICD83DHV" ignored="0" name="Test" tests="2" failures="1" timestamp="03 Dec 2018 14:04:15 GMT" time="12.09" errors="0">
  <testcase name="validLoginResponse" time="9.471" classname="Test.LoginModule"/>
  <testcase name="validLoginResponse" time="2.532" classname="Test.LoginModule1">
    <failure type="java.lang.AssertionError" message="expected [404] but found [200]">
      <![CDATA[java.lang.AssertionError: expected [404] but found [200]
at Test.LoginModule1.validLoginResponse(LoginModule1.java:29)
... Removed 31 stack frames]]>
    </failure>
  </testcase> <!-- validLoginResponse -->
</testsuite> <!-- Test -->
